\BOOKMARK [0][]{chapter.1}{Introduction}{}
\BOOKMARK [1][-]{section.1.1}{Motivation}{chapter.1}
\BOOKMARK [0][]{chapter.2}{State Estimation}{}
\BOOKMARK [1][-]{section.2.1}{Kalman Filter}{chapter.2}
\BOOKMARK [2][-]{subsection.2.1.1}{Kalman gain}{section.2.1}
\BOOKMARK [2][-]{subsection.2.1.2}{Extended Kalman filter}{section.2.1}
\BOOKMARK [3][-]{subsubsection.2.1.2.1}{Algorithm}{subsection.2.1.2}
\BOOKMARK [2][-]{subsection.2.1.3}{Unscented Kalman filter}{section.2.1}
\BOOKMARK [0][]{chapter.3}{Multi body system model}{}
\BOOKMARK [1][-]{section.3.1}{Multi body system}{chapter.3}
\BOOKMARK [2][-]{subsection.3.1.1}{Space representation:}{section.3.1}
\BOOKMARK [1][-]{section.3.2}{Prediction Step}{chapter.3}
\BOOKMARK [1][-]{section.3.3}{Update Step}{chapter.3}
\BOOKMARK [0][]{chapter.4}{Simple model}{}
\BOOKMARK [1][-]{section.4.1}{Prediction model}{chapter.4}
\BOOKMARK [0][]{chapter.5}{Appendix}{}
\BOOKMARK [1][-]{section.5.1}{Symbols}{chapter.5}
\BOOKMARK [1][-]{section.5.2}{Abbreviation}{chapter.5}
\BOOKMARK [1][-]{section.5.3}{Rotation matrix}{chapter.5}
\BOOKMARK [1][-]{section.5.4}{Transformation of angular velocity to Euler rates}{chapter.5}
\BOOKMARK [0][]{appendix*.10}{List of figures}{}
\BOOKMARK [0][]{appendix*.10}{Bibliography}{}
\BOOKMARK [0][]{appendix*.11}{Erkl\344rung}{}
